[0.302s] Invoking command in '/home/amogh1216/Documents/VSCodeProjects/tr-autonomy-2-amogh1216/src/spinnyrobot': PYTHONPATH=/home/amogh1216/Documents/VSCodeProjects/tr-autonomy-2-amogh1216/src/spinnyrobot/build/spinnyrobot/prefix_override:/usr/lib/python3/dist-packages/colcon_core/task/python/colcon_distutils_commands:/home/amogh1216/Documents/VSCodeProjects/tr-autonomy-2-amogh1216/src/spinnyrobot/install/spinnyrobot/lib/python3.10/site-packages:${PYTHONPATH} /usr/bin/python3 -W ignore:setup.py install is deprecated -W ignore:easy_install command is deprecated setup.py egg_info --egg-base build/spinnyrobot build --build-base /home/amogh1216/Documents/VSCodeProjects/tr-autonomy-2-amogh1216/src/spinnyrobot/build/spinnyrobot/build install --record /home/amogh1216/Documents/VSCodeProjects/tr-autonomy-2-amogh1216/src/spinnyrobot/build/spinnyrobot/install.log --single-version-externally-managed install_data
[0.394s] running egg_info
[0.394s] writing build/spinnyrobot/spinnyrobot.egg-info/PKG-INFO
[0.394s] writing dependency_links to build/spinnyrobot/spinnyrobot.egg-info/dependency_links.txt
[0.394s] writing entry points to build/spinnyrobot/spinnyrobot.egg-info/entry_points.txt
[0.394s] writing requirements to build/spinnyrobot/spinnyrobot.egg-info/requires.txt
[0.394s] writing top-level names to build/spinnyrobot/spinnyrobot.egg-info/top_level.txt
[0.395s] reading manifest file 'build/spinnyrobot/spinnyrobot.egg-info/SOURCES.txt'
[0.396s] writing manifest file 'build/spinnyrobot/spinnyrobot.egg-info/SOURCES.txt'
[0.396s] running build
[0.396s] running build_py
[0.396s] running install
[0.396s] running install_lib
[0.397s] running install_data
[0.397s] running install_egg_info
[0.398s] removing '/home/amogh1216/Documents/VSCodeProjects/tr-autonomy-2-amogh1216/src/spinnyrobot/install/spinnyrobot/lib/python3.10/site-packages/spinnyrobot-0.0.0-py3.10.egg-info' (and everything under it)
[0.398s] Copying build/spinnyrobot/spinnyrobot.egg-info to /home/amogh1216/Documents/VSCodeProjects/tr-autonomy-2-amogh1216/src/spinnyrobot/install/spinnyrobot/lib/python3.10/site-packages/spinnyrobot-0.0.0-py3.10.egg-info
[0.398s] running install_scripts
[0.406s] Installing spinnyrobot script to /home/amogh1216/Documents/VSCodeProjects/tr-autonomy-2-amogh1216/src/spinnyrobot/install/spinnyrobot/lib/spinnyrobot
[0.406s] writing list of installed files to '/home/amogh1216/Documents/VSCodeProjects/tr-autonomy-2-amogh1216/src/spinnyrobot/build/spinnyrobot/install.log'
[0.417s] Invoked command in '/home/amogh1216/Documents/VSCodeProjects/tr-autonomy-2-amogh1216/src/spinnyrobot' returned '0': PYTHONPATH=/home/amogh1216/Documents/VSCodeProjects/tr-autonomy-2-amogh1216/src/spinnyrobot/build/spinnyrobot/prefix_override:/usr/lib/python3/dist-packages/colcon_core/task/python/colcon_distutils_commands:/home/amogh1216/Documents/VSCodeProjects/tr-autonomy-2-amogh1216/src/spinnyrobot/install/spinnyrobot/lib/python3.10/site-packages:${PYTHONPATH} /usr/bin/python3 -W ignore:setup.py install is deprecated -W ignore:easy_install command is deprecated setup.py egg_info --egg-base build/spinnyrobot build --build-base /home/amogh1216/Documents/VSCodeProjects/tr-autonomy-2-amogh1216/src/spinnyrobot/build/spinnyrobot/build install --record /home/amogh1216/Documents/VSCodeProjects/tr-autonomy-2-amogh1216/src/spinnyrobot/build/spinnyrobot/install.log --single-version-externally-managed install_data
