[0.525s] Invoking command in '/home/amogh1216/Documents/VSCodeProjects/tr-autonomy-2-amogh1216/src/spinnyrobot': PYTHONPATH=/home/amogh1216/Documents/VSCodeProjects/tr-autonomy-2-amogh1216/src/spinnyrobot/build/spinnyrobot/prefix_override:/usr/lib/python3/dist-packages/colcon_core/task/python/colcon_distutils_commands:/home/amogh1216/Documents/VSCodeProjects/tr-autonomy-2-amogh1216/src/spinnyrobot/install/spinnyrobot/lib/python3.10/site-packages:${PYTHONPATH} /usr/bin/python3 -W ignore:setup.py install is deprecated -W ignore:easy_install command is deprecated setup.py egg_info --egg-base build/spinnyrobot build --build-base /home/amogh1216/Documents/VSCodeProjects/tr-autonomy-2-amogh1216/src/spinnyrobot/build/spinnyrobot/build install --record /home/amogh1216/Documents/VSCodeProjects/tr-autonomy-2-amogh1216/src/spinnyrobot/build/spinnyrobot/install.log --single-version-externally-managed install_data
[0.629s] running egg_info
[0.630s] creating build/spinnyrobot/spinnyrobot.egg-info
[0.630s] writing build/spinnyrobot/spinnyrobot.egg-info/PKG-INFO
[0.630s] writing dependency_links to build/spinnyrobot/spinnyrobot.egg-info/dependency_links.txt
[0.630s] writing entry points to build/spinnyrobot/spinnyrobot.egg-info/entry_points.txt
[0.630s] writing requirements to build/spinnyrobot/spinnyrobot.egg-info/requires.txt
[0.630s] writing top-level names to build/spinnyrobot/spinnyrobot.egg-info/top_level.txt
[0.630s] writing manifest file 'build/spinnyrobot/spinnyrobot.egg-info/SOURCES.txt'
[0.630s] reading manifest file 'build/spinnyrobot/spinnyrobot.egg-info/SOURCES.txt'
[0.630s] writing manifest file 'build/spinnyrobot/spinnyrobot.egg-info/SOURCES.txt'
[0.631s] running build
[0.631s] running build_py
[0.631s] creating /home/amogh1216/Documents/VSCodeProjects/tr-autonomy-2-amogh1216/src/spinnyrobot/build/spinnyrobot/build
[0.631s] creating /home/amogh1216/Documents/VSCodeProjects/tr-autonomy-2-amogh1216/src/spinnyrobot/build/spinnyrobot/build/lib
[0.631s] creating /home/amogh1216/Documents/VSCodeProjects/tr-autonomy-2-amogh1216/src/spinnyrobot/build/spinnyrobot/build/lib/spinnyrobot
[0.631s] copying spinnyrobot/taskmanager.py -> /home/amogh1216/Documents/VSCodeProjects/tr-autonomy-2-amogh1216/src/spinnyrobot/build/spinnyrobot/build/lib/spinnyrobot
[0.637s] copying spinnyrobot/camerascenemanager.py -> /home/amogh1216/Documents/VSCodeProjects/tr-autonomy-2-amogh1216/src/spinnyrobot/build/spinnyrobot/build/lib/spinnyrobot
[0.637s] copying spinnyrobot/spinnyrobot.py -> /home/amogh1216/Documents/VSCodeProjects/tr-autonomy-2-amogh1216/src/spinnyrobot/build/spinnyrobot/build/lib/spinnyrobot
[0.637s] copying spinnyrobot/__init__.py -> /home/amogh1216/Documents/VSCodeProjects/tr-autonomy-2-amogh1216/src/spinnyrobot/build/spinnyrobot/build/lib/spinnyrobot
[0.637s] creating /home/amogh1216/Documents/VSCodeProjects/tr-autonomy-2-amogh1216/src/spinnyrobot/build/spinnyrobot/build/lib/spinnyrobot/models
[0.637s] copying spinnyrobot/models/model.sdf -> /home/amogh1216/Documents/VSCodeProjects/tr-autonomy-2-amogh1216/src/spinnyrobot/build/spinnyrobot/build/lib/spinnyrobot/models
[0.637s] running install
[0.637s] running install_lib
[0.637s] creating /home/amogh1216/Documents/VSCodeProjects/tr-autonomy-2-amogh1216/src/spinnyrobot/install/spinnyrobot/lib/python3.10/site-packages/spinnyrobot
[0.637s] copying /home/amogh1216/Documents/VSCodeProjects/tr-autonomy-2-amogh1216/src/spinnyrobot/build/spinnyrobot/build/lib/spinnyrobot/taskmanager.py -> /home/amogh1216/Documents/VSCodeProjects/tr-autonomy-2-amogh1216/src/spinnyrobot/install/spinnyrobot/lib/python3.10/site-packages/spinnyrobot
[0.637s] copying /home/amogh1216/Documents/VSCodeProjects/tr-autonomy-2-amogh1216/src/spinnyrobot/build/spinnyrobot/build/lib/spinnyrobot/camerascenemanager.py -> /home/amogh1216/Documents/VSCodeProjects/tr-autonomy-2-amogh1216/src/spinnyrobot/install/spinnyrobot/lib/python3.10/site-packages/spinnyrobot
[0.637s] copying /home/amogh1216/Documents/VSCodeProjects/tr-autonomy-2-amogh1216/src/spinnyrobot/build/spinnyrobot/build/lib/spinnyrobot/spinnyrobot.py -> /home/amogh1216/Documents/VSCodeProjects/tr-autonomy-2-amogh1216/src/spinnyrobot/install/spinnyrobot/lib/python3.10/site-packages/spinnyrobot
[0.637s] copying /home/amogh1216/Documents/VSCodeProjects/tr-autonomy-2-amogh1216/src/spinnyrobot/build/spinnyrobot/build/lib/spinnyrobot/__init__.py -> /home/amogh1216/Documents/VSCodeProjects/tr-autonomy-2-amogh1216/src/spinnyrobot/install/spinnyrobot/lib/python3.10/site-packages/spinnyrobot
[0.638s] creating /home/amogh1216/Documents/VSCodeProjects/tr-autonomy-2-amogh1216/src/spinnyrobot/install/spinnyrobot/lib/python3.10/site-packages/spinnyrobot/models
[0.638s] copying /home/amogh1216/Documents/VSCodeProjects/tr-autonomy-2-amogh1216/src/spinnyrobot/build/spinnyrobot/build/lib/spinnyrobot/models/model.sdf -> /home/amogh1216/Documents/VSCodeProjects/tr-autonomy-2-amogh1216/src/spinnyrobot/install/spinnyrobot/lib/python3.10/site-packages/spinnyrobot/models
[0.638s] byte-compiling /home/amogh1216/Documents/VSCodeProjects/tr-autonomy-2-amogh1216/src/spinnyrobot/install/spinnyrobot/lib/python3.10/site-packages/spinnyrobot/taskmanager.py to taskmanager.cpython-310.pyc
[0.638s] byte-compiling /home/amogh1216/Documents/VSCodeProjects/tr-autonomy-2-amogh1216/src/spinnyrobot/install/spinnyrobot/lib/python3.10/site-packages/spinnyrobot/camerascenemanager.py to camerascenemanager.cpython-310.pyc
[0.638s] byte-compiling /home/amogh1216/Documents/VSCodeProjects/tr-autonomy-2-amogh1216/src/spinnyrobot/install/spinnyrobot/lib/python3.10/site-packages/spinnyrobot/spinnyrobot.py to spinnyrobot.cpython-310.pyc
[0.638s] byte-compiling /home/amogh1216/Documents/VSCodeProjects/tr-autonomy-2-amogh1216/src/spinnyrobot/install/spinnyrobot/lib/python3.10/site-packages/spinnyrobot/__init__.py to __init__.cpython-310.pyc
[0.638s] running install_data
[0.638s] creating /home/amogh1216/Documents/VSCodeProjects/tr-autonomy-2-amogh1216/src/spinnyrobot/install/spinnyrobot/share/ament_index
[0.638s] creating /home/amogh1216/Documents/VSCodeProjects/tr-autonomy-2-amogh1216/src/spinnyrobot/install/spinnyrobot/share/ament_index/resource_index
[0.638s] creating /home/amogh1216/Documents/VSCodeProjects/tr-autonomy-2-amogh1216/src/spinnyrobot/install/spinnyrobot/share/ament_index/resource_index/packages
[0.638s] copying resource/spinnyrobot -> /home/amogh1216/Documents/VSCodeProjects/tr-autonomy-2-amogh1216/src/spinnyrobot/install/spinnyrobot/share/ament_index/resource_index/packages
[0.638s] copying package.xml -> /home/amogh1216/Documents/VSCodeProjects/tr-autonomy-2-amogh1216/src/spinnyrobot/install/spinnyrobot/share/spinnyrobot
[0.638s] running install_egg_info
[0.638s] Copying build/spinnyrobot/spinnyrobot.egg-info to /home/amogh1216/Documents/VSCodeProjects/tr-autonomy-2-amogh1216/src/spinnyrobot/install/spinnyrobot/lib/python3.10/site-packages/spinnyrobot-0.0.0-py3.10.egg-info
[0.638s] running install_scripts
[0.646s] Installing spinnyrobot script to /home/amogh1216/Documents/VSCodeProjects/tr-autonomy-2-amogh1216/src/spinnyrobot/install/spinnyrobot/lib/spinnyrobot
[0.646s] writing list of installed files to '/home/amogh1216/Documents/VSCodeProjects/tr-autonomy-2-amogh1216/src/spinnyrobot/build/spinnyrobot/install.log'
[0.659s] Invoked command in '/home/amogh1216/Documents/VSCodeProjects/tr-autonomy-2-amogh1216/src/spinnyrobot' returned '0': PYTHONPATH=/home/amogh1216/Documents/VSCodeProjects/tr-autonomy-2-amogh1216/src/spinnyrobot/build/spinnyrobot/prefix_override:/usr/lib/python3/dist-packages/colcon_core/task/python/colcon_distutils_commands:/home/amogh1216/Documents/VSCodeProjects/tr-autonomy-2-amogh1216/src/spinnyrobot/install/spinnyrobot/lib/python3.10/site-packages:${PYTHONPATH} /usr/bin/python3 -W ignore:setup.py install is deprecated -W ignore:easy_install command is deprecated setup.py egg_info --egg-base build/spinnyrobot build --build-base /home/amogh1216/Documents/VSCodeProjects/tr-autonomy-2-amogh1216/src/spinnyrobot/build/spinnyrobot/build install --record /home/amogh1216/Documents/VSCodeProjects/tr-autonomy-2-amogh1216/src/spinnyrobot/build/spinnyrobot/install.log --single-version-externally-managed install_data
